# JRE version: OpenJDK Runtime Environment (8.0_111-b14) (build 1.8.0_111-8u111-b14-2ubuntu0.16.10.2-b14)
# Java VM: OpenJDK 64-Bit Server VM (25.111-b14 mixed mode linux-amd64 compressed oops)
Heap:
 def new generation   total 10752K, used 992K [0x00000000f0c00000, 0x00000000f17a0000, 0x00000000f5d50000)
  eden space 9600K,  10% used [0x00000000f0c00000, 0x00000000f0cf8238, 0x00000000f1560000)
  from space 1152K,   0% used [0x00000000f1560000, 0x00000000f1560000, 0x00000000f1680000)
  to   space 1152K,   0% used [0x00000000f1680000, 0x00000000f1680000, 0x00000000f17a0000)
 tenured generation   total 32176K, used 32159K [0x00000000f5d50000, 0x00000000f7cbc000, 0x0000000100000000)
   the space 32176K,  99% used [0x00000000f5d50000, 0x00000000f7cb7e58, 0x00000000f7cb8000, 0x00000000f7cbc000)
 Metaspace       used 16130K, capacity 16332K, committed 16512K, reserved 1062912K
  class space    used 2353K, capacity 2416K, committed 2432K, reserved 1048576K
GC Heap History (10 events):
Event: 6.437 GC heap after
Heap after GC invocations=21 (full 1):
 def new generation   total 4992K, used 510K [0x00000000f0c00000, 0x00000000f1160000, 0x00000000f5d50000)
  eden space 4480K,   0% used [0x00000000f0c00000, 0x00000000f0c00000, 0x00000000f1060000)
  from space 512K,  99% used [0x00000000f1060000, 0x00000000f10dfa98, 0x00000000f10e0000)
  to   space 512K,   0% used [0x00000000f10e0000, 0x00000000f10e0000, 0x00000000f1160000)
 tenured generation   total 10944K, used 4765K [0x00000000f5d50000, 0x00000000f6800000, 0x0000000100000000)
   the space 10944K,  43% used [0x00000000f5d50000, 0x00000000f61f7428, 0x00000000f61f7600, 0x00000000f6800000)
 Metaspace       used 15769K, capacity 16012K, committed 16256K, reserved 1062912K
  class space    used 2311K, capacity 2352K, committed 2432K, reserved 1048576K
}
Event: 6.590 GC heap before
{Heap before GC invocations=21 (full 1):
 def new generation   total 4992K, used 4965K [0x00000000f0c00000, 0x00000000f1160000, 0x00000000f5d50000)
  eden space 4480K,  99% used [0x00000000f0c00000, 0x00000000f1059c08, 0x00000000f1060000)
  from space 512K,  99% used [0x00000000f1060000, 0x00000000f10dfa98, 0x00000000f10e0000)
  to   space 512K,   0% used [0x00000000f10e0000, 0x00000000f10e0000, 0x00000000f1160000)
 tenured generation   total 10944K, used 4765K [0x00000000f5d50000, 0x00000000f6800000, 0x0000000100000000)
   the space 10944K,  43% used [0x00000000f5d50000, 0x00000000f61f7428, 0x00000000f61f7600, 0x00000000f6800000)
 Metaspace       used 16118K, capacity 16332K, committed 16512K, reserved 1062912K
  class space    used 2353K, capacity 2416K, committed 2432K, reserved 1048576K
Event: 6.601 GC heap after
Heap after GC invocations=22 (full 1):
 def new generation   total 4992K, used 512K [0x00000000f0c00000, 0x00000000f1160000, 0x00000000f5d50000)
  eden space 4480K,   0% used [0x00000000f0c00000, 0x00000000f0c00000, 0x00000000f1060000)
  from space 512K, 100% used [0x00000000f10e0000, 0x00000000f1160000, 0x00000000f1160000)
  to   space 512K,   0% used [0x00000000f1060000, 0x00000000f1060000, 0x00000000f10e0000)
 tenured generation   total 10944K, used 6196K [0x00000000f5d50000, 0x00000000f6800000, 0x0000000100000000)
   the space 10944K,  56% used [0x00000000f5d50000, 0x00000000f635d2a0, 0x00000000f635d400, 0x00000000f6800000)
 Metaspace       used 16118K, capacity 16332K, committed 16512K, reserved 1062912K
  class space    used 2353K, capacity 2416K, committed 2432K, reserved 1048576K
}
Event: 6.619 GC heap before
{Heap before GC invocations=22 (full 1):
 def new generation   total 4992K, used 4979K [0x00000000f0c00000, 0x00000000f1160000, 0x00000000f5d50000)
  eden space 4480K,  99% used [0x00000000f0c00000, 0x00000000f105ccb8, 0x00000000f1060000)
  from space 512K, 100% used [0x00000000f10e0000, 0x00000000f1160000, 0x00000000f1160000)
  to   space 512K,   0% used [0x00000000f1060000, 0x00000000f1060000, 0x00000000f10e0000)
 tenured generation   total 10944K, used 6196K [0x00000000f5d50000, 0x00000000f6800000, 0x0000000100000000)
   the space 10944K,  56% used [0x00000000f5d50000, 0x00000000f635d2a0, 0x00000000f635d400, 0x00000000f6800000)
 Metaspace       used 16119K, capacity 16332K, committed 16512K, reserved 1062912K
  class space    used 2353K, capacity 2416K, committed 2432K, reserved 1048576K
Event: 6.635 GC heap after
Heap after GC invocations=23 (full 1):
 def new generation   total 4992K, used 486K [0x00000000f0c00000, 0x00000000f1160000, 0x00000000f5d50000)
  eden space 4480K,   0% used [0x00000000f0c00000, 0x00000000f0c00000, 0x00000000f1060000)
  from space 512K,  95% used [0x00000000f1060000, 0x00000000f10d9b90, 0x00000000f10e0000)
  to   space 512K,   0% used [0x00000000f10e0000, 0x00000000f10e0000, 0x00000000f1160000)
 tenured generation   total 10944K, used 10661K [0x00000000f5d50000, 0x00000000f6800000, 0x0000000100000000)
   the space 10944K,  97% used [0x00000000f5d50000, 0x00000000f67b9410, 0x00000000f67b9600, 0x00000000f6800000)
 Metaspace       used 16119K, capacity 16332K, committed 16512K, reserved 1062912K
  class space    used 2353K, capacity 2416K, committed 2432K, reserved 1048576K
}
Event: 6.640 GC heap before
{Heap before GC invocations=23 (full 1):
 def new generation   total 4992K, used 4952K [0x00000000f0c00000, 0x00000000f1160000, 0x00000000f5d50000)
  eden space 4480K,  99% used [0x00000000f0c00000, 0x00000000f105c6a0, 0x00000000f1060000)
  from space 512K,  95% used [0x00000000f1060000, 0x00000000f10d9b90, 0x00000000f10e0000)
  to   space 512K,   0% used [0x00000000f10e0000, 0x00000000f10e0000, 0x00000000f1160000)
 tenured generation   total 10944K, used 10661K [0x00000000f5d50000, 0x00000000f6800000, 0x0000000100000000)
   the space 10944K,  97% used [0x00000000f5d50000, 0x00000000f67b9410, 0x00000000f67b9600, 0x00000000f6800000)
 Metaspace       used 16120K, capacity 16332K, committed 16512K, reserved 1062912K
  class space    used 2353K, capacity 2416K, committed 2432K, reserved 1048576K
Event: 6.742 GC heap after
Heap after GC invocations=24 (full 2):
 def new generation   total 10752K, used 0K [0x00000000f0c00000, 0x00000000f17a0000, 0x00000000f5d50000)
  eden space 9600K,   0% used [0x00000000f0c00000, 0x00000000f0c00000, 0x00000000f1560000)
  from space 1152K,   0% used [0x00000000f1560000, 0x00000000f1560000, 0x00000000f1680000)
  to   space 1152K,   0% used [0x00000000f1680000, 0x00000000f1680000, 0x00000000f17a0000)
 tenured generation   total 23728K, used 14234K [0x00000000f5d50000, 0x00000000f747c000, 0x0000000100000000)
   the space 23728K,  59% used [0x00000000f5d50000, 0x00000000f6b369f8, 0x00000000f6b36a00, 0x00000000f747c000)
 Metaspace       used 16120K, capacity 16332K, committed 16512K, reserved 1062912K
  class space    used 2353K, capacity 2416K, committed 2432K, reserved 1048576K
}
Event: 6.750 GC heap before
{Heap before GC invocations=24 (full 2):
 def new generation   total 10752K, used 9572K [0x00000000f0c00000, 0x00000000f17a0000, 0x00000000f5d50000)
  eden space 9600K,  99% used [0x00000000f0c00000, 0x00000000f15590d8, 0x00000000f1560000)
  from space 1152K,   0% used [0x00000000f1560000, 0x00000000f1560000, 0x00000000f1680000)
  to   space 1152K,   0% used [0x00000000f1680000, 0x00000000f1680000, 0x00000000f17a0000)
 tenured generation   total 23728K, used 14234K [0x00000000f5d50000, 0x00000000f747c000, 0x0000000100000000)
   the space 23728K,  59% used [0x00000000f5d50000, 0x00000000f6b369f8, 0x00000000f6b36a00, 0x00000000f747c000)
 Metaspace       used 16129K, capacity 16332K, committed 16512K, reserved 1062912K
  class space    used 2353K, capacity 2416K, committed 2432K, reserved 1048576K
Event: 6.763 GC heap after
Heap after GC invocations=25 (full 2):
 def new generation   total 10752K, used 1134K [0x00000000f0c00000, 0x00000000f17a0000, 0x00000000f5d50000)
  eden space 9600K,   0% used [0x00000000f0c00000, 0x00000000f0c00000, 0x00000000f1560000)
  from space 1152K,  98% used [0x00000000f1680000, 0x00000000f179bb00, 0x00000000f17a0000)
  to   space 1152K,   0% used [0x00000000f1560000, 0x00000000f1560000, 0x00000000f1680000)
 tenured generation   total 23728K, used 22462K [0x00000000f5d50000, 0x00000000f747c000, 0x0000000100000000)
   the space 23728K,  94% used [0x00000000f5d50000, 0x00000000f733fa08, 0x00000000f733fc00, 0x00000000f747c000)
 Metaspace       used 16129K, capacity 16332K, committed 16512K, reserved 1062912K
  class space    used 2353K, capacity 2416K, committed 2432K, reserved 1048576K
}
Event: 6.783 GC heap before
{Heap before GC invocations=25 (full 2):
 def new generation   total 10752K, used 10716K [0x00000000f0c00000, 0x00000000f17a0000, 0x00000000f5d50000)
  eden space 9600K,  99% used [0x00000000f0c00000, 0x00000000f155b800, 0x00000000f1560000)
  from space 1152K,  98% used [0x00000000f1680000, 0x00000000f179bb00, 0x00000000f17a0000)
  to   space 1152K,   0% used [0x00000000f1560000, 0x00000000f1560000, 0x00000000f1680000)
 tenured generation   total 23728K, used 22462K [0x00000000f5d50000, 0x00000000f747c000, 0x0000000100000000)
   the space 23728K,  94% used [0x00000000f5d50000, 0x00000000f733fa08, 0x00000000f733fc00, 0x00000000f747c000)
 Metaspace       used 16130K, capacity 16332K, committed 16512K, reserved 1062912K
  class space    used 2353K, capacity 2416K, committed 2432K, reserved 1048576K

